1573594196972	mozrunner::runner	INFO	Running command: "C:\\Program Files\\Mozilla Firefox\\firefox.exe" "-marionette" "-foreground" "-no-remote" "-profile" "C:\\Users\\DELL\\AppData\\Local\\Temp\\rust_mozprofile.Lw0u7Fzm7dsV"
1573594198564	addons.webextension.screenshots@mozilla.org	WARN	Loading extension 'screenshots@mozilla.org': Reading manifest: Invalid extension permission: mozillaAddons
1573594198564	addons.webextension.screenshots@mozilla.org	WARN	Loading extension 'screenshots@mozilla.org': Reading manifest: Invalid extension permission: telemetry
1573594198565	addons.webextension.screenshots@mozilla.org	WARN	Loading extension 'screenshots@mozilla.org': Reading manifest: Invalid extension permission: resource://pdf.js/
1573594198565	addons.webextension.screenshots@mozilla.org	WARN	Loading extension 'screenshots@mozilla.org': Reading manifest: Invalid extension permission: about:reader*
JavaScript error: resource://gre/modules/XULStore.jsm, line 66: Error: Can't find profile directory.
1573594209512	Marionette	INFO	Listening on port 60211
1573594209628	Marionette	WARN	TLS certificate errors will be ignored for this session
JavaScript error: , line 0: uncaught exception: Object
JavaScript error: , line 0: uncaught exception: Object
JavaScript error: , line 0: uncaught exception: Object
JavaScript error: , line 0: uncaught exception: Object
[Parent 11784, Gecko_IOThread] WARNING: pipe error: 109: file z:/task_1572401533/build/src/ipc/chromium/src/chrome/common/ipc_channel_win.cc, line 341
[Parent 11784, Gecko_IOThread] WARNING: pipe error: 109: file z:/task_1572401533/build/src/ipc/chromium/src/chrome/common/ipc_channel_win.cc, line 341
[Child 5388, Chrome_ChildThread] WARNING: pipe error: 109: file z:/task_1572401533/build/src/ipc/chromium/src/chrome/common/ipc_channel_win.cc, line 341
[Child 5388, Chrome_ChildThread] WARNING: pipe erro[Parent 11784, Gecko_IOThread] WARNING: pipe error: 109: file z:/task_1572401533/build/src/ipc/chromium/src/chrome/common/ipc_channel_win.cc, line 341
[Child 14440, Chrome_ChildThread] WARNING: pipe error: 109: file z:/task_1572401533/build/src/ipc/chromium/src/chrome/common/ipc_channel_win.cc, line 341
[Child 141573629649776	Marionette	INFO	Stopped listening on port 60211
ission: about:reader*
JavaScript error: resource://gre/modules/XULStore.jsm, line 66: Error: Can't find profile directory.
1573594337399	Marionette	INFO	Listening on port 60402
1573594337446	Marionette	WARN	TLS certificate errors will be ignored for this session
JavaScript error: , line 0: uncaught exception: Object
JavaScript error: , line 0: uncaught exception: Object
JavaScript error: , line 0: uncaught exception: Object
JavaScript error: , line 0: uncaught exception: Object
[Parent 10772, Gecko_IOThread] WARNING: pipe error: 109: file z:/task_1572401533/build/src/ipc/chromium/src/chrome/common/ipc_channel_win.cc, line 341
[Child 2132, Chrome_ChildThread] WARNING: pipe error: 109: file z:/task_1572401533/build/src/ipc/chromium/src/chrome/common/ipc_channel_win.cc, line 341
[Child 2132, Chrome_ChildThread] WARNING: pipe error: 109: fi[Parent 10772, Gecko_IOThread] WARNING: pipe error: 109: file z:/task_1572401533/build/src/ipc/chromium/src/chrome/common/ipc_channel_win.cc, line 341
[Child 19804, Chrome_ChildThread] WARNING: pipe error: 109: file z:/task_1572401533/build/src/ipc/chromium/src/chrome/common/ipc_channel_win.cc, line 341
[Child 19804, Chrome_ChildThread] WARNING: pipe error: 109: file z:/task_1572401533/build/src/ipc/chromium/src/chrome/common/ipc_channel_win.cc, l[iParne 3ent 10772, Gecko_4IOThread] WARNING: pipe error: 109: file z:/task_1572401533/build/src/ipc/chromium/src/chrome/common/ipc_channel_win.cc, line 341
[Child 17680, Chrome_ChildThread] WARNING: pipe error: 109: file z:/task_1572401533/build/src/ipc/chromium/src/chrome/common/ipc_channel_win.cc, line 341
[Child 17[Parent 10772, Gecko_IOThread] WARNING: pipe error: 109: file z:/task_1572401533/build/src/ipc/chromium/src/chrome/common/ipc_channel_win.cc, line 341
[Child 7096, Chrome_ChildThread] WARNING: pipe error: 109: file z:/task_1572401533/build/src/ipc/chromium/src/chrome/common/ipc_channel_win.cc, line 341
[Child 7096, Chrome_Chil1573629645950	Marionette	INFO	Stopped listening on port 60402

###!!! [Child][RunMessage] Error: Channel closing: too late to send/recv, messages will be lost

[GPU 5468, 
###!!! [Child][MessageChannel::SendAndWait] Error: Channel error: cannot send/recv

s/shared/DevToolsUtils.js:530:10
_fetchURLContents@resource://devtools/server/actors/utils/TabSources.js:580:22
urlContents@resource://devtools/server/actors/utils/TabSources.js:547:17
_resurrectSource@resource://devtools/server/actors/thread.js:2033:69
addAllSources@resource://devtools/server/actors/thread.js:1334:14
onSources@resource://devtools/server/actors/thread.js:1340:10
onPacket@resource://devtools/server/debugger-server-connection.js:378:58
receiveMessage@resource://devtools/shared/transport/child-transport.js:66:16
Line: 678, column: 0
console.error: ({})
JavaScript error: resource://devtools/shared/DevToolsUtils.js, line 678: NS_ERROR_FAILURE: Failed to open input source 'file:///'
console.error: (new TypeError("container.node.targetFront is null", "resource://devtools/client/inspector/markup/markup.js", 2205))
console.error: "Error sending event: display-change"
console.error: "[Exception... \"Component returned failure code: 0x80070057 (NS_ERROR_ILLEGAL_VALUE) [nsIEventListenerService.getListenerInfoFor]\"  nsresult: \"0x80070057 (NS_ERROR_ILLEGAL_VALUE)\"  location: \"JS frame :: resource://devtools/server/actors/inspector/event-collector.js :: getDOMListeners :: line 267\"  data: no]: getDOMListeners@resource://devtools/server/actors/inspector/event-collector.js:267:22\ngetListeners@resource://devtools/server/actors/inspector/event-collector.js:329:28\nhasListeners@resource://devtools/server/actors/inspector/event-collector.js:228:17\nhasEventListeners@resource://devtools/server/actors/inspector/event-collector.js:797:21\nget _hasEventListeners@resource://devtools/server/actors/inspector/node.js:456:33\nform@resource://devtools/server/actors/inspector/node.js:263:7\nwrite@resource://devtools/shared/protocol/types.js:358:32\ntypes.addArrayType/write/<@resource://devtools/shared/protocol/types.js:220:33\nwrite@resource://devtools/shared/protocol/types.js:220:16\nwrite@resource://devtools/shared/protocol/Request.js:113:22\nwrite@resource://devtools/shared/protocol/Request.js:39:26\n_sendEvent@resource://devtools/shared/protocol/Actor.js:66:24\ninitialize/<@resource://devtools/shared/protocol/Actor.js:46:16\nemit@resource://devtools/shared/event-emitter.js:190:24\nemit@resource://devtools/shared/event-emitter.js:271:18\n_onReflows@resource://devtools/server/actors/inspector/walker.js:591:12\nemit@resource://devtools/shared/event-emitter.js:190:24\nemit@resource://devtools/shared/event-emitter.js:271:18\n_startEventLoop@resource://devtools/server/actors/reflow.js:315:12\nnotify@resource://gre/modules/Timer.jsm:62:17\n"
[Exception... "Component returned failure code: 0x80070057 (NS_ERROR_ILLEGAL_VALUE) [nsIEventListenerService.getListenerInfoFor]"  nsresult: "0x80070057 (NS_ERROR_ILLEGAL_VALUE)"  location: "JS frame :: resource://devtools/server/actors/inspector/event-collector.js :: getDOMListeners :: line 267"  data: no]: getDOMListeners@resource://devtools/server/actors/inspector/event-collector.js:267:22
getListeners@resource://devtools/server/actors/inspector/event-collector.js:329:28
hasListeners@resource://devtools/server/actors/inspector/event-collector.js:228:17
hasEventListeners@resource://devtools/server/actors/inspector/event-collector.js:797:21
get _hasEventListeners@resource://devtools/server/actors/inspector/node.js:456:33
form@resource://devtools/server/actors/inspector/node.js:263:7
write@resource://devtools/shared/protocol/types.js:358:32
types.addArrayType/write/<@resource://devtools/shared/protocol/types.js:220:33
write@resource://devtools/shared/protocol/types.js:220:16
write@resource://devtools/shared/protocol/Request.js:113:22
write@resource://devtools/shared/protocol/Request.js:39:26
_sendEvent@resource://devtools/shared/protocol/Actor.js:66:24
initialize/<@resource://devtools/shared/protocol/Actor.js:46:16
emit@resource://devtools/shared/event-emitter.js:190:24
emit@resource://devtools/shared/event-emitter.js:271:18
_onReflows@resource://devtools/server/actors/inspector/walker.js:591:12
emit@resource://devtools/shared/event-emitter.js:190:24
emit@resource://devtools/shared/event-emitter.js:271:18
_startEventLoop@resource://devtools/server/actors/reflow.js:315:12
notify@resource://gre/modules/Timer.jsm:62:17

[Parent 18484, Gecko_IOThread] WARNING: pipe error: 109: file z:/task_1572401533/build/src/ipc/chromium/src/chrome/common/ipc_channel_win.cc, line 341
JavaScript error: , line 0: uncaught exception: Timeout
[Parent 18484, Gecko_IOThread] WARNING: pipe error: 109: file z:/task_1572401533/build/src/ipc/chromium/src/chrome/common/ipc_channel_win.cc, line 341
[Child 7460, Chrome_ChildThread] WARNING: pipe error: 109: file z:/task_1572401533/build/src/ipc/chromium/src/chrome/common/ipc_channel_win.cc, line 341
[Parent 18484, Gecko_IOThread] WARNING: pipe error: 109: file z:/task_1572401533/build/src/ipc/chromium/src/chrome/common/ipc_channel_win.cc, line 341
[Parent 18484, Gecko_IOThread] WARNING: pipe error: 109: file z:/task_1572401533/build/src/ipc/chromium/src/chrome/common/ipc_channel_win.cc, line 341
[Child 18452, Chrome_ChildThread] WARNING: pipe error: 109: file z:/task_1572401533/build/src/ipc/chromium/src/chrome/common/ipc_channel_win.cc, line 341
[Child 18452[Parent 18484, Gecko_IOThread] WARNING: file z:/task_1572401533/build/src/ipc/chromium/src/base/process_util_win.cc, line 160
1573643279997	Marionette	INFO	Stopped listening on port 62199

###!!! [Child][RunMessage] Error: Channel closing: too late to send/recv, messages will be lost

ipc_channel_win.cc, line 341
[Parent 12972, Gecko_IOThread] WARNING: pipe error: 109: file z:/task_1572401533/build/src/ipc/chromium/src/chrome/common/ipc_channel_win.cc, line 341
[Child 11552, Chrome_ChildThread] WARNING: pipe error: 109: file z:/task_1572401533/build/src/ipc/chromium/src/chrome/common/ipc_channel_win.cc, line 341
[Child 11552, Chrome_Child[Child 1404, Chrome_ChildThread] WARNING: pipe error: 109: file z:/task_1572401533/build/src/ipc/chromium/src/chrome/common/ipc_channel_win.cc, line 341
[Child 1404, Chrome_ChildThread] WARNING: [Parent 12972, Gecko_IOThread] WARNING: pipe error: 109: file z:/task_1572401533/build/src/ipc/chromium/src/chrome/common/ipc_channel_win.cc, line 341
[Child 13908, Chrome_ChildThread] WARNING: pipe error: 109: file z:/task_1572401533/build/src/ipc/chromium/src/chrome/common/ipc_channel_win.cc, line 341
[Child 1391573629639703	Marionette	INFO	Stopped listening on port 49641
[GPU 1
###!!! [Child][RunMessage] Error: Channel closing: too late to send/recv, messages will be lost

5
###!!! [Child][MessageChannel::SendAndWait] Error: Channel error: cannot send/recv

tore/SessionFile.jsm:375:15\n_initWorker@resource:///modules/sessionstore/SessionFile.jsm:368:12\n_postToWorker@resource:///modules/sessionstore/SessionFile.jsm:410:16\nwrite@resource:///modules/sessionstore/SessionFile.jsm:448:24\nwrite@resource:///modules/sessionstore/SessionFile.jsm:75:32\n_writeState@resource:///modules/sessionstore/SessionSaver.jsm:360:24\n_saveState@resource:///modules/sessionstore/SessionSaver.jsm:294:17\n_saveStateAsync@resource:///modules/sessionstore/SessionSaver.jsm:344:10\nsaveStateAsyncWhenIdle@resource:///modules/sessionstore/SessionSaver.jsm:191:14\ncallback@resource://gre/modules/Timer.jsm:125:16\n"
1573629534591	Marionette	INFO	Listening on port 49783
1573629534926	Marionette	WARN	TLS certificate errors will be ignored for this session
[Child 13284, Chrome_ChildThread] WARNING: pipe error: 109: file z:/task_1572401533/build/src/ipc/chromium/src/chrome/common/ipc_channel_win.cc, line 341
[Child 13284, Chrome_ChildThread] WAR[Parent 7076, Gecko_IOThread] WARNING: pipe error: 109: file z:/task_1572401533/build/src/ipc/chromium/src/chrome/common/ipc_channel_win.cc, line 341
[Child 6920, Chrome_ChildThread] WARNING: pipe error: 109: file z:/task_1572401533/build/src/ipc/chromium/src/chrome/common/ipc_channel_win.cc, line 341
[Child 6920,1573629636684	Marionette	INFO	Stopped listening on port 49783
[GPU 	addons.webextension.screenshots@mozilla.org	WARN	Loading extension 'screenshots@mozilla.org': Reading manifest: Invalid extension permission: resource://pdf.js/
1573629610331	addons.webextension.screenshots@mozilla.org	WARN	Loading extension 'screenshots@mozilla.org': Reading manifest: Invalid extension permission: about:reader*
JavaScript error: resource://gre/modules/XULStore.jsm, line 66: Error: Can't find profile directory.
1573629614916	Marionette	INFO	Listening on port 49935
1573629615396	Marionette	WARN	TLS certificate errors will be ignored for this session
[Parent 5124, Gecko_IOThread] WARNING: pipe error: 109: file z:/task_1572401533/build/src/ipc/chromium/src/chrome/common/ipc_channel_win.cc, line 341
[Parent 5124, Gecko_IOThread] WARNING: pipe error: 109: file z:/task_1572401533/build/src/ipc/chromium/src/chrome/common/ipc_channel_win.cc, line 341
[Parent 5124, Gecko_IOThread] WARNING: pipe error: 109: file z:/task_1572401533/build/src/ipc/chromium/src/chrome/common/ipc_channel_win.cc, line 341
[Child 13240, Chrome_ChildThread] WARNING: pipe error: 109: file z:/task_1572401533/build/src/ipc/chromium/src/chrome/common/ipc_channel_win.cc, line 341
[Child 13240, Chrome_ChildT[Parent 5124, Gecko_IOThread] WARNING: pipe error: 109: file z:/task_1572401533/build/src/ipc/chromium/src/chrome/common/ipc_channel_win.cc, line 341
[Child 364, Chrome_ChildThread] WARNING: pipe error: 109: file z:/task_1572401533/build/src/ipc/chromium/src/chrome/common/ipc_channel_win.cc, line 341
[Child 364, Chrome_ChildThread] WARNING: 1573629647272	Marionette	INFO	Stopped listening on port 49935

###!!! [Child][RunMessage] Error: Channel closing: too late to send/recv, messages will be lost

[GPU 677
###!!! [Child][MessageChannel::SendAndWait] Error: Channel error: cannot send/recv

